<?xml version="1.0" encoding="UTF-8"?>
<!-- Generated by org.testng.reporters.JUnitXMLReporter -->
<testsuite ignored="3" hostname="LAPTOP-BUTDSDIS" failures="0" tests="1" name="Default test" time="0.072" errors="0" timestamp="2022-03-26T23:39:39 IST">
  <testcase classname="com.qa.tests.DemoTest" name="sum" time="0.014"/>
  <testcase classname="com.qa.tests.DemoTest" name="mul" time="0.0">
    <ignored/>
  </testcase> <!-- mul -->
  <testcase classname="com.qa.tests.DemoTest" name="div" time="0.0">
    <ignored/>
  </testcase> <!-- div -->
  <testcase classname="com.qa.tests.DemoTest" name="sub" time="0.0">
    <ignored/>
  </testcase> <!-- sub -->
</testsuite> <!-- Default test -->
