<?xml version="1.0" encoding="UTF-8"?>
<!-- Generated by org.testng.reporters.JUnitXMLReporter -->
<testsuite ignored="0" hostname="LAPTOP-BUTDSDIS" failures="0" tests="12" name="Test Maven Testing" time="0.158" errors="0" timestamp="2024-05-18T17:15:12 IST">
  <testcase classname="com.qa.tests.DemoTest" name="div" time="0.038"/>
  <testcase classname="com.qa.tests.DemoTest" name="mul" time="0.002"/>
  <testcase classname="com.qa.tests.DemoTest" name="sub" time="0.002"/>
  <testcase classname="com.qa.tests.DemoTest" name="sum" time="0.002"/>
  <testcase classname="com.qa.tests.DemoTest1" name="div" time="0.001"/>
  <testcase classname="com.qa.tests.DemoTest1" name="mul" time="0.001"/>
  <testcase classname="com.qa.tests.DemoTest1" name="sub" time="0.003"/>
  <testcase classname="com.qa.tests.DemoTest1" name="sum" time="0.002"/>
  <testcase classname="com.qa.tests.DemoTest2" name="div" time="0.001"/>
  <testcase classname="com.qa.tests.DemoTest2" name="mul" time="0.001"/>
  <testcase classname="com.qa.tests.DemoTest2" name="sub" time="0.001"/>
  <testcase classname="com.qa.tests.DemoTest2" name="sum" time="0.002"/>
</testsuite> <!-- Test Maven Testing -->
