<?xml version="1.0" encoding="UTF-8"?>
<!-- Generated by org.testng.reporters.JUnitXMLReporter -->
<testsuite ignored="0" hostname="LAPTOP-BUTDSDIS" failures="0" tests="12" name="Test Maven Testing" time="0.063" errors="0" timestamp="19 May 2024 04:07:37 GMT">
  <testcase classname="com.qa.tests.DemoTest" name="div" time="0.009"/>
  <testcase classname="com.qa.tests.DemoTest" name="mul" time="0.001"/>
  <testcase classname="com.qa.tests.DemoTest" name="sub" time="0.001"/>
  <testcase classname="com.qa.tests.DemoTest" name="sum" time="0.0"/>
  <testcase classname="com.qa.tests.DemoTest1" name="div" time="0.0"/>
  <testcase classname="com.qa.tests.DemoTest1" name="mul" time="0.001"/>
  <testcase classname="com.qa.tests.DemoTest1" name="sub" time="0.001"/>
  <testcase classname="com.qa.tests.DemoTest1" name="sum" time="0.001"/>
  <testcase classname="com.qa.tests.DemoTest2" name="div" time="0.001"/>
  <testcase classname="com.qa.tests.DemoTest2" name="mul" time="0.001"/>
  <testcase classname="com.qa.tests.DemoTest2" name="sub" time="0.0"/>
  <testcase classname="com.qa.tests.DemoTest2" name="sum" time="0.0"/>
</testsuite> <!-- Test Maven Testing -->
