<?xml version="1.0" encoding="UTF-8"?>
<testng-results ignored="0" total="12" passed="12" failed="0" skipped="0">
  <reporter-output>
  </reporter-output>
  <suite started-at="2024-05-19T04:07:36Z" name="Suite" finished-at="2024-05-19T04:07:37Z" duration-ms="480">
    <groups>
    </groups>
    <test started-at="2024-05-19T04:07:36Z" name="Test" finished-at="2024-05-19T04:07:36Z" duration-ms="30">
    </test> <!-- Test -->
    <test started-at="2024-05-19T04:07:37Z" name="Test Maven Testing" finished-at="2024-05-19T04:07:37Z" duration-ms="63">
      <class name="com.qa.tests.DemoTest">
        <test-method signature="div()[pri:0, instance:com.qa.tests.DemoTest@5c86a017]" started-at="2024-05-19T09:37:37Z" name="div" finished-at="2024-05-19T09:37:37Z" duration-ms="9" status="PASS">
          <reporter-output>
          </reporter-output>
        </test-method> <!-- div -->
        <test-method signature="mul()[pri:0, instance:com.qa.tests.DemoTest@5c86a017]" started-at="2024-05-19T09:37:37Z" name="mul" finished-at="2024-05-19T09:37:37Z" duration-ms="1" status="PASS">
          <reporter-output>
          </reporter-output>
        </test-method> <!-- mul -->
        <test-method signature="sub()[pri:0, instance:com.qa.tests.DemoTest@5c86a017]" started-at="2024-05-19T09:37:37Z" name="sub" finished-at="2024-05-19T09:37:37Z" duration-ms="1" status="PASS">
          <reporter-output>
          </reporter-output>
        </test-method> <!-- sub -->
        <test-method signature="sum()[pri:0, instance:com.qa.tests.DemoTest@5c86a017]" started-at="2024-05-19T09:37:37Z" name="sum" finished-at="2024-05-19T09:37:37Z" duration-ms="0" status="PASS">
          <reporter-output>
          </reporter-output>
        </test-method> <!-- sum -->
      </class> <!-- com.qa.tests.DemoTest -->
      <class name="com.qa.tests.DemoTest1">
        <test-method signature="mul()[pri:0, instance:com.qa.tests.DemoTest1@1807f5a7]" started-at="2024-05-19T09:37:37Z" name="mul" finished-at="2024-05-19T09:37:37Z" duration-ms="1" status="PASS">
          <reporter-output>
          </reporter-output>
        </test-method> <!-- mul -->
        <test-method signature="div()[pri:0, instance:com.qa.tests.DemoTest1@1807f5a7]" started-at="2024-05-19T09:37:37Z" name="div" finished-at="2024-05-19T09:37:37Z" duration-ms="0" status="PASS">
          <reporter-output>
          </reporter-output>
        </test-method> <!-- div -->
        <test-method signature="sub()[pri:0, instance:com.qa.tests.DemoTest1@1807f5a7]" started-at="2024-05-19T09:37:37Z" name="sub" finished-at="2024-05-19T09:37:37Z" duration-ms="1" status="PASS">
          <reporter-output>
          </reporter-output>
        </test-method> <!-- sub -->
        <test-method signature="sum()[pri:0, instance:com.qa.tests.DemoTest1@1807f5a7]" started-at="2024-05-19T09:37:37Z" name="sum" finished-at="2024-05-19T09:37:37Z" duration-ms="1" status="PASS">
          <reporter-output>
          </reporter-output>
        </test-method> <!-- sum -->
      </class> <!-- com.qa.tests.DemoTest1 -->
      <class name="com.qa.tests.DemoTest2">
        <test-method signature="div()[pri:0, instance:com.qa.tests.DemoTest2@1b919693]" started-at="2024-05-19T09:37:37Z" name="div" finished-at="2024-05-19T09:37:37Z" duration-ms="1" status="PASS">
          <reporter-output>
          </reporter-output>
        </test-method> <!-- div -->
        <test-method signature="mul()[pri:0, instance:com.qa.tests.DemoTest2@1b919693]" started-at="2024-05-19T09:37:37Z" name="mul" finished-at="2024-05-19T09:37:37Z" duration-ms="1" status="PASS">
          <reporter-output>
          </reporter-output>
        </test-method> <!-- mul -->
        <test-method signature="sub()[pri:0, instance:com.qa.tests.DemoTest2@1b919693]" started-at="2024-05-19T09:37:37Z" name="sub" finished-at="2024-05-19T09:37:37Z" duration-ms="0" status="PASS">
          <reporter-output>
          </reporter-output>
        </test-method> <!-- sub -->
        <test-method signature="sum()[pri:0, instance:com.qa.tests.DemoTest2@1b919693]" started-at="2024-05-19T09:37:37Z" name="sum" finished-at="2024-05-19T09:37:37Z" duration-ms="0" status="PASS">
          <reporter-output>
          </reporter-output>
        </test-method> <!-- sum -->
      </class> <!-- com.qa.tests.DemoTest2 -->
    </test> <!-- Test Maven Testing -->
  </suite> <!-- Suite -->
</testng-results>
