<?xml version="1.0" encoding="UTF-8"?>
<testsuite xmlns:xsi="http://www.w3.org/2001/XMLSchema-instance" xsi:noNamespaceSchemaLocation="https://maven.apache.org/surefire/maven-surefire-plugin/xsd/surefire-test-report-3.0.xsd" version="3.0" name="TestSuite" time="4.416" tests="12" errors="0" skipped="0" failures="0">
  <properties>
[...]
</properties>
  <testcase name="div" classname="com.qa.tests.DemoTest" time="0.001">
    <system-out><![CDATA[[TestNGContentHandler] [WARN] It is strongly recommended to add "<!DOCTYPE suite SYSTEM "http://testng.org/testng-1.0.dtd" >" at the top of your file, otherwise TestNG may fail or not work as expected.
]]></system-out>
  </testcase>
  <testcase name="mul" classname="com.qa.tests.DemoTest" time="0"/>
  <testcase name="sub" classname="com.qa.tests.DemoTest" time="0"/>
  <testcase name="sum" classname="com.qa.tests.DemoTest" time="0"/>
  <testcase name="div" classname="com.qa.tests.DemoTest1" time="0.001">
    <system-out><![CDATA[div
]]></system-out>
  </testcase>
  <testcase name="mul" classname="com.qa.tests.DemoTest1" time="0"/>
  <testcase name="sub" classname="com.qa.tests.DemoTest1" time="0">
    <system-out><![CDATA[sub
]]></system-out>
  </testcase>
  <testcase name="sum" classname="com.qa.tests.DemoTest1" time="0">
    <system-out><![CDATA[sum
]]></system-out>
  </testcase>
  <testcase name="div" classname="com.qa.tests.DemoTest2" time="0.001"/>
  <testcase name="mul" classname="com.qa.tests.DemoTest2" time="0"/>
  <testcase name="sub" classname="com.qa.tests.DemoTest2" time="0.001"/>
  <testcase name="sum" classname="com.qa.tests.DemoTest2" time="0"/>
</testsuite>