<?xml version="1.0" encoding="UTF-8"?>
<testng-results ignored="0" total="12" passed="12" failed="0" skipped="0">
  <reporter-output>
  </reporter-output>
  <suite started-at="2024-05-18T17:15:11 IST" name="Suite" finished-at="2024-05-18T17:15:12 IST" duration-ms="593">
    <groups>
    </groups>
    <test started-at="2024-05-18T17:15:11 IST" name="Test" finished-at="2024-05-18T17:15:11 IST" duration-ms="20">
    </test> <!-- Test -->
    <test started-at="2024-05-18T17:15:12 IST" name="Test Maven Testing" finished-at="2024-05-18T17:15:12 IST" duration-ms="158">
      <class name="com.qa.tests.DemoTest">
        <test-method signature="div()[pri:0, instance:com.qa.tests.DemoTest@385c9627]" started-at="2024-05-18T17:15:12 IST" name="div" finished-at="2024-05-18T17:15:12 IST" duration-ms="38" status="PASS">
          <reporter-output>
          </reporter-output>
        </test-method> <!-- div -->
        <test-method signature="mul()[pri:0, instance:com.qa.tests.DemoTest@385c9627]" started-at="2024-05-18T17:15:12 IST" name="mul" finished-at="2024-05-18T17:15:12 IST" duration-ms="2" status="PASS">
          <reporter-output>
          </reporter-output>
        </test-method> <!-- mul -->
        <test-method signature="sub()[pri:0, instance:com.qa.tests.DemoTest@385c9627]" started-at="2024-05-18T17:15:12 IST" name="sub" finished-at="2024-05-18T17:15:12 IST" duration-ms="2" status="PASS">
          <reporter-output>
          </reporter-output>
        </test-method> <!-- sub -->
        <test-method signature="sum()[pri:0, instance:com.qa.tests.DemoTest@385c9627]" started-at="2024-05-18T17:15:12 IST" name="sum" finished-at="2024-05-18T17:15:12 IST" duration-ms="2" status="PASS">
          <reporter-output>
          </reporter-output>
        </test-method> <!-- sum -->
      </class> <!-- com.qa.tests.DemoTest -->
      <class name="com.qa.tests.DemoTest1">
        <test-method signature="div()[pri:0, instance:com.qa.tests.DemoTest1@4116aac9]" started-at="2024-05-18T17:15:12 IST" name="div" finished-at="2024-05-18T17:15:12 IST" duration-ms="1" status="PASS">
          <reporter-output>
          </reporter-output>
        </test-method> <!-- div -->
        <test-method signature="mul()[pri:0, instance:com.qa.tests.DemoTest1@4116aac9]" started-at="2024-05-18T17:15:12 IST" name="mul" finished-at="2024-05-18T17:15:12 IST" duration-ms="1" status="PASS">
          <reporter-output>
          </reporter-output>
        </test-method> <!-- mul -->
        <test-method signature="sub()[pri:0, instance:com.qa.tests.DemoTest1@4116aac9]" started-at="2024-05-18T17:15:12 IST" name="sub" finished-at="2024-05-18T17:15:12 IST" duration-ms="3" status="PASS">
          <reporter-output>
          </reporter-output>
        </test-method> <!-- sub -->
        <test-method signature="sum()[pri:0, instance:com.qa.tests.DemoTest1@4116aac9]" started-at="2024-05-18T17:15:12 IST" name="sum" finished-at="2024-05-18T17:15:12 IST" duration-ms="2" status="PASS">
          <reporter-output>
          </reporter-output>
        </test-method> <!-- sum -->
      </class> <!-- com.qa.tests.DemoTest1 -->
      <class name="com.qa.tests.DemoTest2">
        <test-method signature="div()[pri:0, instance:com.qa.tests.DemoTest2@62ddbd7e]" started-at="2024-05-18T17:15:12 IST" name="div" finished-at="2024-05-18T17:15:12 IST" duration-ms="1" status="PASS">
          <reporter-output>
          </reporter-output>
        </test-method> <!-- div -->
        <test-method signature="mul()[pri:0, instance:com.qa.tests.DemoTest2@62ddbd7e]" started-at="2024-05-18T17:15:12 IST" name="mul" finished-at="2024-05-18T17:15:12 IST" duration-ms="1" status="PASS">
          <reporter-output>
          </reporter-output>
        </test-method> <!-- mul -->
        <test-method signature="sub()[pri:0, instance:com.qa.tests.DemoTest2@62ddbd7e]" started-at="2024-05-18T17:15:12 IST" name="sub" finished-at="2024-05-18T17:15:12 IST" duration-ms="1" status="PASS">
          <reporter-output>
          </reporter-output>
        </test-method> <!-- sub -->
        <test-method signature="sum()[pri:0, instance:com.qa.tests.DemoTest2@62ddbd7e]" started-at="2024-05-18T17:15:12 IST" name="sum" finished-at="2024-05-18T17:15:12 IST" duration-ms="2" status="PASS">
          <reporter-output>
          </reporter-output>
        </test-method> <!-- sum -->
      </class> <!-- com.qa.tests.DemoTest2 -->
    </test> <!-- Test Maven Testing -->
  </suite> <!-- Suite -->
</testng-results>
